1592780816391	mozrunner::runner	INFO	Running command: "C:\\Program Files\\Mozilla Firefox\\firefox.exe" "-marionette" "-foreground" "-no-remote" "-profile" "C:\\Users\\JOO~1\\AppData\\Local\\Temp\\rust_mozprofile7OnHM7"
JavaScript error: resource://gre/modules/XULStore.jsm, line 66: Error: Can't find profile directory.
1592780819505	Marionette	INFO	Listening on port 55332
1592780819534	Marionette	WARN	TLS certificate errors will be ignored for this session
console.warn: LoginRecipes: "getRecipes: falling back to a synchronous message for:" "https://www.facebook.com"
console.error: "Store does not have a valid reducer. Make sure the argument passed to combineReducers is an object whose values are reducers."
1592781213706	Marionette	INFO	Stopped listening on port 55332

###!!! [Child][RunMessage] Error: Channel closing: too late to send/recv, messages will be lost


###!!! [Child][MessageChannel::SendAndWait] Error: Channel error: cannot send/recv

1592781343360	mozrunner::runner	INFO	Running command: "C:\\Program Files\\Mozilla Firefox\\firefox.exe" "-marionette" "-foreground" "-no-remote" "-profile" "C:\\Users\\JOO~1\\AppData\\Local\\Temp\\rust_mozprofile7ZmoWO"
JavaScript error: resource://gre/modules/XULStore.jsm, line 66: Error: Can't find profile directory.
1592781346522	Marionette	INFO	Listening on port 55501
1592781347008	Marionette	WARN	TLS certificate errors will be ignored for this session
1592781347067	Marionette	INFO	Stopped listening on port 55501

###!!! [Child][RunMessage] Error: Channel closing: too late to send/recv, messages will be lost

[Parent 7356, Gecko_IOThread] WARNING: pipe error: 232: file /builds/worker/checkouts/gecko/ipc/chromium/src/chrome/common/ipc_channel_win.cc, line 522
1592781586821	mozrunner::runner	INFO	Running command: "C:\\Program Files\\Mozilla Firefox\\firefox.exe" "-marionette" "-foreground" "-no-remote" "-profile" "C:\\Users\\JOO~1\\AppData\\Local\\Temp\\rust_mozprofile7pqDlc"
JavaScript error: resource://gre/modules/XULStore.jsm, line 66: Error: Can't find profile directory.
1592781589950	Marionette	INFO	Listening on port 55579
1592781589980	Marionette	WARN	TLS certificate errors will be ignored for this session
1592781590034	Marionette	INFO	Stopped listening on port 55579
console.warn: services.settings: main/whats-new-panel sync interrupted by shutdown

###!!! [Child][RunMessage] Error: Channel closing: too late to send/recv, messages will be lost


###!!! [Child][MessageChannel::SendAndWait] Error: Channel error: cannot send/recv

1592781610529	mozrunner::runner	INFO	Running command: "C:\\Program Files\\Mozilla Firefox\\firefox.exe" "-marionette" "-foreground" "-no-remote" "-profile" "C:\\Users\\JOO~1\\AppData\\Local\\Temp\\rust_mozprofileCkbepU"
JavaScript error: resource://gre/modules/XULStore.jsm, line 66: Error: Can't find profile directory.
1592781613685	Marionette	INFO	Listening on port 55617
1592781614188	Marionette	WARN	TLS certificate errors will be ignored for this session
1592781627720	Marionette	INFO	Stopped listening on port 55617

###!!! [Child][RunMessage] Error: Channel closing: too late to send/recv, messages will be lost


###!!! [Child][MessageChannel::SendAndWait] Error: Channel error: cannot send/recv

1592781638493	mozrunner::runner	INFO	Running command: "C:\\Program Files\\Mozilla Firefox\\firefox.exe" "-marionette" "-foreground" "-no-remote" "-profile" "C:\\Users\\JOO~1\\AppData\\Local\\Temp\\rust_mozprofile5HGR1E"
JavaScript error: resource://gre/modules/XULStore.jsm, line 66: Error: Can't find profile directory.
1592781641557	Marionette	INFO	Listening on port 55681
1592781641675	Marionette	WARN	TLS certificate errors will be ignored for this session
1592781645373	Marionette	INFO	Stopped listening on port 55681

###!!! [Child][RunMessage] Error: Channel closing: too late to send/recv, messages will be lost


###!!! [Child][MessageChannel::SendAndWait] Error: Channel error: cannot send/recv

1592781828915	mozrunner::runner	INFO	Running command: "C:\\Program Files\\Mozilla Firefox\\firefox.exe" "-marionette" "-foreground" "-no-remote" "-profile" "C:\\Users\\JOO~1\\AppData\\Local\\Temp\\rust_mozprofileqVN3i5"
JavaScript error: resource://gre/modules/XULStore.jsm, line 66: Error: Can't find profile directory.
1592781832419	Marionette	INFO	Listening on port 55799
1592781832604	Marionette	WARN	TLS certificate errors will be ignored for this session
console.warn: LoginRecipes: "getRecipes: falling back to a synchronous message for:" "https://www.facebook.com"
console.error: "Store does not have a valid reducer. Make sure the argument passed to combineReducers is an object whose values are reducers."

###!!! [Child][MessageChannel] Error: (msgtype=0x59000D,name=PHttpChannel::Msg_DeletingChannel) Channel closing: too late to send/recv, messages will be lost

1592781882387	Marionette	INFO	Stopped listening on port 55799

###!!! [Child][RunMessage] Error: Channel closing: too late to send/recv, messages will be lost

[Parent 9792, Gecko_IOThread] WARNING: pipe error: 232: file /builds/worker/checkouts/gecko/ipc/chromium/src/chrome/common/ipc_channel_win.cc, line 522
1592781889112	mozrunner::runner	INFO	Running command: "C:\\Program Files\\Mozilla Firefox\\firefox.exe" "-marionette" "-foreground" "-no-remote" "-profile" "C:\\Users\\JOO~1\\AppData\\Local\\Temp\\rust_mozprofileiH6NUl"
JavaScript error: resource://gre/modules/XULStore.jsm, line 66: Error: Can't find profile directory.
1592781892159	Marionette	INFO	Listening on port 55860
1592781892261	Marionette	WARN	TLS certificate errors will be ignored for this session
JavaScript warning: https://static.xx.fbcdn.net/rsrc.php/v3/yR/r/3ZgfEvZQUiT.js?_nc_x=_bywnHVqYsG, line 46: unreachable code after return statement
JavaScript warning: https://static.xx.fbcdn.net/rsrc.php/v3/yR/r/3ZgfEvZQUiT.js?_nc_x=_bywnHVqYsG, line 46: unreachable code after return statement
JavaScript warning: https://static.xx.fbcdn.net/rsrc.php/v3/yR/r/3ZgfEvZQUiT.js?_nc_x=_bywnHVqYsG, line 46: unreachable code after return statement
1592781913535	Marionette	INFO	Stopped listening on port 55860

###!!! [Child][RunMessage] Error: Channel closing: too late to send/recv, messages will be lost


###!!! [Child][MessageChannel::SendAndWait] Error: Channel error: cannot send/recv

1592782037707	mozrunner::runner	INFO	Running command: "C:\\Program Files\\Mozilla Firefox\\firefox.exe" "-marionette" "-foreground" "-no-remote" "-profile" "C:\\Users\\JOO~1\\AppData\\Local\\Temp\\rust_mozprofileOexTKv"
JavaScript error: resource://gre/modules/XULStore.jsm, line 66: Error: Can't find profile directory.
1592782040917	Marionette	INFO	Listening on port 55981
1592782041376	Marionette	WARN	TLS certificate errors will be ignored for this session
JavaScript error: resource://gre/actors/PictureInPictureChild.jsm, line 114: InvalidStateError: An attempt was made to use an object that is not, or is no longer, usable
JavaScript warning: https://static.xx.fbcdn.net/rsrc.php/v3/yR/r/3ZgfEvZQUiT.js?_nc_x=_bywnHVqYsG, line 46: unreachable code after return statement
JavaScript warning: https://static.xx.fbcdn.net/rsrc.php/v3/yR/r/3ZgfEvZQUiT.js?_nc_x=_bywnHVqYsG, line 46: unreachable code after return statement
JavaScript warning: https://static.xx.fbcdn.net/rsrc.php/v3/yR/r/3ZgfEvZQUiT.js?_nc_x=_bywnHVqYsG, line 46: unreachable code after return statement
1592782064527	Marionette	INFO	Stopped listening on port 55981
IPDL protocol error: Handler returned error code!

###!!! [Parent][DispatchAsyncMessage] Error: PLayerTransaction::Msg_ReleaseLayer Processing error: message was deserialized, but the handler returned false (indicating failure)


###!!! [Child][RunMessage] Error: Channel closing: too late to send/recv, messages will be lost


###!!! [Child][MessageChannel::SendAndWait] Error: Channel error: cannot send/recv

1592783021990	mozrunner::runner	INFO	Running command: "C:\\Program Files\\Mozilla Firefox\\firefox.exe" "-marionette" "-foreground" "-no-remote" "-profile" "C:\\Users\\JOO~1\\AppData\\Local\\Temp\\rust_mozprofileyYyP2l"
JavaScript error: resource://gre/modules/XULStore.jsm, line 66: Error: Can't find profile directory.
1592783025634	Marionette	INFO	Listening on port 56202
1592783025696	Marionette	WARN	TLS certificate errors will be ignored for this session
JavaScript warning: https://static.xx.fbcdn.net/rsrc.php/v3/yR/r/3ZgfEvZQUiT.js?_nc_x=_bywnHVqYsG, line 46: unreachable code after return statement
JavaScript warning: https://static.xx.fbcdn.net/rsrc.php/v3/yR/r/3ZgfEvZQUiT.js?_nc_x=_bywnHVqYsG, line 46: unreachable code after return statement
JavaScript warning: https://static.xx.fbcdn.net/rsrc.php/v3/yR/r/3ZgfEvZQUiT.js?_nc_x=_bywnHVqYsG, line 46: unreachable code after return statement
1592783223141	Marionette	INFO	Stopped listening on port 56202

###!!! [Child][RunMessage] Error: Channel closing: too late to send/recv, messages will be lost


###!!! [Child][MessageChannel::SendAndWait] Error: Channel error: cannot send/recv

/modules/XULStore.jsm, line 66: Error: Can't find profile directory.
1592783122522	Marionette	INFO	Listening on port 56301
1592783122611	Marionette	WARN	TLS certificate errors will be ignored for this session
JavaScript warning: https://static.xx.fbcdn.net/rsrc.php/v3/yR/r/3ZgfEvZQUiT.js?_nc_x=_bywnHVqYsG, line 46: unreachable code after return statement
JavaScript warning: https://static.xx.fbcdn.net/rsrc.php/v3/yR/r/3ZgfEvZQUiT.js?_nc_x=_bywnHVqYsG, line 46: unreachable code after return statement
JavaScript warning: https://static.xx.fbcdn.net/rsrc.php/v3/yR/r/3ZgfEvZQUiT.js?_nc_x=_bywnHVqYsG, line 46: unreachable code after return statement
IPDL protocol error: Handler returned error code!

###!!! [Parent][DispatchAsyncMessage] Error: PLayerTransaction::Msg_ReleaseLayer Processing error: message was deserialized, but the handler returned false (indicating failure)

1592783179775	Marionette	INFO	Stopped listening on port 56301

###!!! [Child][RunMessage] Error: Channel closing: too late to send/recv, messages will be lost


###!!! [Child][MessageChannel::SendAndWait] Error: Channel error: cannot send/recv

1592783185458	mozrunner::runner	INFO	Running command: "C:\\Program Files\\Mozilla Firefox\\firefox.exe" "-marionette" "-foreground" "-no-remote" "-profile" "C:\\Users\\JOO~1\\AppData\\Local\\Temp\\rust_mozprofileY9024f"
JavaScript error: resource://gre/modules/XULStore.jsm, line 66: Error: Can't find profile directory.
1592783188544	Marionette	INFO	Listening on port 56392
1592783188611	Marionette	WARN	TLS certificate errors will be ignored for this session
JavaScript warning: https://static.xx.fbcdn.net/rsrc.php/v3/yR/r/3ZgfEvZQUiT.js?_nc_x=_bywnHVqYsG, line 46: unreachable code after return statement
JavaScript warning: https://static.xx.fbcdn.net/rsrc.php/v3/yR/r/3ZgfEvZQUiT.js?_nc_x=_bywnHVqYsG, line 46: unreachable code after return statement
JavaScript warning: https://static.xx.fbcdn.net/rsrc.php/v3/yR/r/3ZgfEvZQUiT.js?_nc_x=_bywnHVqYsG, line 46: unreachable code after return statement
1592783211261	Marionette	INFO	Stopped listening on port 56392

###!!! [Child][RunMessage] Error: Channel closing: too late to send/recv, messages will be lost


###!!! [Child][MessageChannel::SendAndWait] Error: Channel error: cannot send/recv

1592853807851	mozrunner::runner	INFO	Running command: "C:\\Program Files\\Mozilla Firefox\\firefox.exe" "-marionette" "-foreground" "-no-remote" "-profile" "C:\\Users\\JOO~1\\AppData\\Local\\Temp\\rust_mozprofileUTTJZc"
JavaScript error: resource://gre/modules/XULStore.jsm, line 66: Error: Can't find profile directory.
1592853811203	Marionette	INFO	Listening on port 61605
1592853811474	Marionette	WARN	TLS certificate errors will be ignored for this session
JavaScript warning: https://static.xx.fbcdn.net/rsrc.php/v3/yR/r/3ZgfEvZQUiT.js?_nc_x=_bywnHVqYsG, line 46: unreachable code after return statement
JavaScript warning: https://static.xx.fbcdn.net/rsrc.php/v3/yR/r/3ZgfEvZQUiT.js?_nc_x=_bywnHVqYsG, line 46: unreachable code after return statement
JavaScript warning: https://static.xx.fbcdn.net/rsrc.php/v3/yR/r/3ZgfEvZQUiT.js?_nc_x=_bywnHVqYsG, line 46: unreachable code after return statement
IPDL protocol error: Handler returned error code!

###!!! [Parent][DispatchAsyncMessage] Error: PImageBridge::Msg_Update Processing error: message was deserialized, but the handler returned false (indicating failure)

IPDL protocol error: Handler returned error code!

###!!! [Parent][DispatchAsyncMessage] Error: PImageBridge::Msg_Update Processing error: message was deserialized, but the handler returned false (indicating failure)

IPDL protocol error: Handler returned error code!

###!!! [Parent][DispatchAsyncMessage] Error: PImageBridge::Msg_Update Processing error: message was deserialized, but the handler returned false (indicating failure)

IPDL protocol error: Handler returned error code!

###!!! [Parent][DispatchAsyncMessage] Error: PImageBridge::Msg_Update Processing error: message was deserialized, but the handler returned false (indicating failure)

IPDL protocol error: Handler returned error code!

###!!! [Parent][DispatchAsyncMessage] Error: PImageBridge::Msg_Update Processing error: message was deserialized, but the handler returned false (indicating failure)

IPDL protocol error: Handler returned error code!

###!!! [Parent][DispatchAsyncMessage] Error: PImageBridge::Msg_Update Processing error: message was deserialized, but the handler returned false (indicating failure)

IPDL protocol error: Handler returned error code!

###!!! [Parent][DispatchAsyncMessage] Error: PImageBridge::Msg_Update Processing error: message was deserialized, but the handler returned false (indicating failure)

IPDL protocol error: Handler returned error code!

###!!! [Parent][DispatchAsyncMessage] Error: PImageBridge::Msg_Update Processing error: message was deserialized, but the handler returned false (indicating failure)

[Child 11780, MediaDecoderStateMachine #1] WARNING: Decoder=1fb3fdf1000 Decode error: NS_ERROR_DOM_MEDIA_FATAL_ERR (0x806e0005) - RefPtr<MediaSourceTrackDemuxer::SamplesPromise> __cdecl mozilla::MediaSourceTrackDemuxer::DoGetSamples(int32_t): manager is detached.: file /builds/worker/checkouts/gecko/dom/media/MediaDecoderStateMachine.cpp, line 3370
[Child 11780, MediaDecoderStateMachine #1] WARNING: Decoder=1fb3fdf1000 Decode error: NS_ERROR_DOM_MEDIA_FATAL_ERR (0x806e0005) - RefPtr<MediaSourceTrackDemuxer::SamplesPromise> __cdecl mozilla::MediaSourceTrackDemuxer::DoGetSamples(int32_t): manager is detached.: file /builds/worker/checkouts/gecko/dom/media/MediaDecoderStateMachine.cpp, line 3370
[Child 11780, MediaDecoderStateMachine #1] WARNING: Decoder=1fb3fdf1000 Decode erIPDL protocol error: Handler returned error code!
ror: NS_ERROR_DOM_MEDIA_FATAL_ERR (0x806e0005) -
###!!! [Parent][DispatchAsyncMessage] Error: PImageBridge::Msg_Update Processing error: message was deserialized, but the handler returned false (indicating failure)

 RefPtr<MediaSourceTrackDemuxer::SamplesPromise> __cdecl mozilla::MediaSourceTrackDemuxer::DoGetSamples(int32_t): manager is detached.: file /builds/worker/checkouts/gecko/dom/media/MediaDecoderStateMachine.cpp, line 3370
[Child 11780, MediaDecoderStateMachine #1] WARNING: Decoder=1fb3fdf1000 Decode error: NS_ERROR_DOM_MEDIA_FATAL_ERR (0x806e0005) - RefPtr<MediaSourceTrackDemuxer::SamplesPromise> __cdecl mozilla::MediaSourceTrackDemuxer::DoGetSamples(int32_t): manager is detached.: file /builds/worker/checkouts/gecko/dom/media/MediaDecoderStateMachine.cpp, line 3370
IPDL protocol error: Handler returned error code!
[
###!!! [Parent][DispatchAsyncMessage] Error: PImageBridge::Msg_Update Processing error: message was deserialized, but the handler returned false (indicating failure)

Child 11780, MedIPDL protocol error: Handler returned error code!

###!!! [Parent][DispatchAsyncMessage] Error: PLayerTransaction::Msg_ReleaseLayer Processing error: message was deserialized, but the handler returned false (indicating failure)

iaDecoderStateMachine #1] WARNING: Decoder=1fb3fdf1000 Decode error: NS_ERROR_DOM_MEDIA_FATAL_ERR (0x806e0005) - RefPtr<MediaSourceTrackDemuxer::SamplesPromise> __cdecl mozilla::MediaSourceTrackDemuxer::DoGetSamples(int32_t): manager is detached.: file /builds/worker/checkouts/gecko/dom/media/MediaDecoderStateMachine.cpp, line 3370

###!!! [Child][RunMessage] Error: Channel closing: too late to send/recv, messages will be lost

1592853890385	Marionette	INFO	Stopped listening on port 61605

###!!! [Child][RunMessage] Error: Channel closing: too late to send/recv, messages will be lost


###!!! [Child][MessageChannel::SendAndWait] Error: Channel error: cannot send/recv

1592853922226	mozrunner::runner	INFO	Running command: "C:\\Program Files\\Mozilla Firefox\\firefox.exe" "-marionette" "-foreground" "-no-remote" "-profile" "C:\\Users\\JOO~1\\AppData\\Local\\Temp\\rust_mozprofileWgUAf9"
JavaScript error: resource://gre/modules/XULStore.jsm, line 66: Error: Can't find profile directory.
1592853925612	Marionette	INFO	Listening on port 61767
1592853925862	Marionette	WARN	TLS certificate errors will be ignored for this session
JavaScript error: https://static.xx.fbcdn.net/rsrc.php/v3/yi/r/obcvI4HytUC.js?_nc_x=_bywnHVqYsG, line 154: Error: Destroyed!
JavaScript error: https://static.xx.fbcdn.net/rsrc.php/v3/yi/r/obcvI4HytUC.js?_nc_x=_bywnHVqYsG, line 154: Error: Destroyed!
JavaScript warning: https://static.xx.fbcdn.net/rsrc.php/v3/yR/r/3ZgfEvZQUiT.js?_nc_x=_bywnHVqYsG, line 46: unreachable code after return statement
JavaScript warning: https://static.xx.fbcdn.net/rsrc.php/v3/yR/r/3ZgfEvZQUiT.js?_nc_x=_bywnHVqYsG, line 46: unreachable code after return statement
JavaScript warning: https://static.xx.fbcdn.net/rsrc.php/v3/yR/r/3ZgfEvZQUiT.js?_nc_x=_bywnHVqYsG, line 46: unreachable code after return statement
IPDL protocol error: Handler returned error code!

###!!! [Parent][DispatchAsyncMessage] Error: PImageBridge::Msg_Update Processing error: message was deserialized, but the handler returned false (indicating failure)

IPDL protocol error: Handler returned error code!

###!!! [Parent][DispatchAsyncMessage] Error: PImageBridge::Msg_Update Processing error: message was deserialized, but the handler returned false (indicating failure)

IPDL protocol error: Handler returned error code!

###!!! [Parent][DispatchAsyncMessage] Error: PImageBridge::Msg_Update Processing error: message was deserialized, but the handler returned false (indicating failure)

IPDL protocol error: Handler returned error code!

###!!! [Parent][DispatchAsyncMessage] Error: PImageBridge::Msg_Update Processing error: message was deserialized, but the handler returned false (indicating failure)

IPDL protocol error: Handler returned error code!
[Child 12472, MediaDecoderStateMachine #1] WARNING: Decoder=1ab11909000 Decode error: NS_ERROR_DOM_MEDIA_FATAL_ERR (0x806e0005) - RefPtr<MediaSourceTrackDemuxer::SamplesPromise> __cdecl mozilla::MediaSourceTrackDemuxer::DoGetSamples(int32_t): manager is detached.: file /builds/worker/checkouts/gecko/dom/media/MediaDecoderStateMachine.cpp, line 3370

###!!! [Parent][DispatchAsyncMessage] Error: PImageBridge::Msg_Update Processing error: message was deserialized, but the handler returned false (indicating failure)

[Child 12472, MediaDecoderStateMachine #1] WARNING: Decoder=1ab11909000 Decode error: NS_ERROR_DOM_MEDIA_FATAL_ERR (0x806e0005) - RefPtr<MediaSourceTrackDemuxer::SamplesPromise> __cdecl mozilla::MediaSourceTrackDemuxer::DoGetSamples(int32_t): manager is detached.: file /builds/worker/checkouts/gecko/dom/media/MediaDecoderStateMachine.cpp, line 3370
[Child IPDL protocol error: Handler returned error code!
1
###!!! [Parent][DispatchAsyncMessage] Error: PImageBridge::Msg_Update Processing error: message was deserialized, but the handler returned false (indicating failure)

2472, MediaDecoderStateMachine #1] WARNING: Decoder=1ab11909000 Decode error: NS_ERROR_DOM_MEDIA_FATAL_ERR (0x806e0005) - RIPDL protocol error: Handler returned error code!
efPtr<MediaSourceTrackDemuxer::SamplesPromise> __cdecl mozilla::MediaSourceTrac
###!!! [Parent][DispatchAsyncMessage] Error: PLayerTransaction::Msg_ReleaseLayer Processing error: message was deserialized, but the handler returned false (indicating failure)

kDemuxer::DoGetSamples(int32_t): manager is detached.: file /builds/worker/checkouts/gecko/dom/media/MediaDecoderStateMachine.cpp, line 3370
1592853970461	Marionette	INFO	Stopped listening on port 61767

###!!! [Child][RunMessage] Error: Channel closing: too late to send/recv, messages will be lost


###!!! [Child][MessageChannel::SendAndWait] Error: Channel error: cannot send/recv

1592853976877	mozrunner::runner	INFO	Running command: "C:\\Program Files\\Mozilla Firefox\\firefox.exe" "-marionette" "-foreground" "-no-remote" "-profile" "C:\\Users\\JOO~1\\AppData\\Local\\Temp\\rust_mozprofileDA9sIu"
JavaScript error: resource://gre/modules/XULStore.jsm, line 66: Error: Can't find profile directory.
1592853980359	Marionette	INFO	Listening on port 61846
1592853980503	Marionette	WARN	TLS certificate errors will be ignored for this session
JavaScript warning: https://static.xx.fbcdn.net/rsrc.php/v3/yR/r/3ZgfEvZQUiT.js?_nc_x=_bywnHVqYsG, line 46: unreachable code after return statement
JavaScript warning: https://static.xx.fbcdn.net/rsrc.php/v3/yR/r/3ZgfEvZQUiT.js?_nc_x=_bywnHVqYsG, line 46: unreachable code after return statement
JavaScript warning: https://static.xx.fbcdn.net/rsrc.php/v3/yR/r/3ZgfEvZQUiT.js?_nc_x=_bywnHVqYsG, line 46: unreachable code after return statement
1592854014723	Marionette	INFO	Stopped listening on port 61846

###!!! [Child][RunMessage] Error: Channel closing: too late to send/recv, messages will be lost


###!!! [Child][MessageChannel::SendAndWait] Error: Channel error: cannot send/recv

1592854100286	mozrunner::runner	INFO	Running command: "C:\\Program Files\\Mozilla Firefox\\firefox.exe" "-marionette" "-foreground" "-no-remote" "-profile" "C:\\Users\\JOO~1\\AppData\\Local\\Temp\\rust_mozprofile6a28E5"
JavaScript error: resource://gre/modules/XULStore.jsm, line 66: Error: Can't find profile directory.
1592854103676	Marionette	INFO	Listening on port 61982
1592854103921	Marionette	WARN	TLS certificate errors will be ignored for this session
JavaScript warning: https://static.xx.fbcdn.net/rsrc.php/v3/y5/r/G0MKLmeCe1o.js?_nc_x=_bywnHVqYsG, line 51: unreachable code after return statement
JavaScript warning: https://static.xx.fbcdn.net/rsrc.php/v3/y5/r/G0MKLmeCe1o.js?_nc_x=_bywnHVqYsG, line 51: unreachable code after return statement
JavaScript warning: https://static.xx.fbcdn.net/rsrc.php/v3/y5/r/G0MKLmeCe1o.js?_nc_x=_bywnHVqYsG, line 51: unreachable code after return statement
1592854247274	Marionette	INFO	Stopped listening on port 61982

###!!! [Child][RunMessage] Error: Channel closing: too late to send/recv, messages will be lost


###!!! [Child][MessageChannel::SendAndWait] Error: Channel error: cannot send/recv

1592854411405	mozrunner::runner	INFO	Running command: "C:\\Program Files\\Mozilla Firefox\\firefox.exe" "-marionette" "-foreground" "-no-remote" "-profile" "C:\\Users\\JOO~1\\AppData\\Local\\Temp\\rust_mozprofileXNnnn7"
JavaScript error: resource://gre/modules/XULStore.jsm, line 66: Error: Can't find profile directory.
1592854414709	Marionette	INFO	Listening on port 62312
1592854415041	Marionette	WARN	TLS certificate errors will be ignored for this session
JavaScript warning: https://static.xx.fbcdn.net/rsrc.php/v3/y5/r/G0MKLmeCe1o.js?_nc_x=_bywnHVqYsG, line 51: unreachable code after return statement
JavaScript warning: https://static.xx.fbcdn.net/rsrc.php/v3/y5/r/G0MKLmeCe1o.js?_nc_x=_bywnHVqYsG, line 51: unreachable code after return statement
JavaScript warning: https://static.xx.fbcdn.net/rsrc.php/v3/y5/r/G0MKLmeCe1o.js?_nc_x=_bywnHVqYsG, line 51: unreachable code after return statement
1592854441013	Marionette	INFO	Stopped listening on port 62312
[Child 5152, MediaDecoderStateMachine #1] WARNING: Decoder=1b90bd1d000 Decode error: NS_ERROR_DOM_MEDIA_FATAL_ERR (0x806e0005) - RefPtr<MediaSourceTrackDemuxer::SamplesPromise> __cdecl mozilla::MediaSourceTrackDemuxer::DoGetSamples(int32_t): manager is detached.: file /builds/worker/checkouts/gecko/dom/media/MediaDecoderStateMachine.cpp, line 3370
IPDL protocol error: Handler returned error code!

###!!! [Parent][DispatchAsyncMessage] Error: PLayerTransaction::Msg_ReleaseLayer Processing error: message was deserialized, but the handler returned false (indicating failure)


###!!! [Child][RunMessage] Error: Channel closing: too late to send/recv, messages will be lost


###!!! [Child][MessageChannel::SendAndWait] Error: Channel error: cannot send/recv

1592854655768	mozrunner::runner	INFO	Running command: "C:\\Program Files\\Mozilla Firefox\\firefox.exe" "-marionette" "-foreground" "-no-remote" "-profile" "C:\\Users\\JOO~1\\AppData\\Local\\Temp\\rust_mozprofile2FbIft"
JavaScript error: resource://gre/modules/XULStore.jsm, line 66: Error: Can't find profile directory.
1592854658961	Marionette	INFO	Listening on port 62408
1592854659399	Marionette	WARN	TLS certificate errors will be ignored for this session
JavaScript warning: https://static.xx.fbcdn.net/rsrc.php/v3/y5/r/G0MKLmeCe1o.js?_nc_x=_bywnHVqYsG, line 51: unreachable code after return statement
JavaScript warning: https://static.xx.fbcdn.net/rsrc.php/v3/y5/r/G0MKLmeCe1o.js?_nc_x=_bywnHVqYsG, line 51: unreachable code after return statement
JavaScript warning: https://static.xx.fbcdn.net/rsrc.php/v3/y5/r/G0MKLmeCe1o.js?_nc_x=_bywnHVqYsG, line 51: unreachable code after return statement
1592854693879	Marionette	INFO	Stopped listening on port 62408
IPDL protocol error: Handler returned error code!

###!!! [Parent][DispatchAsyncMessage] Error: PLayerTransaction::Msg_ReleaseLayer Processing error: message was deserialized, but the handler returned false (indicating failure)


###!!! [Child][RunMessage] Error: Channel closing: too late to send/recv, messages will be lost


###!!! [Child][MessageChannel::SendAndWait] Error: Channel error: cannot send/recv

1592854720445	mozrunner::runner	INFO	Running command: "C:\\Program Files\\Mozilla Firefox\\firefox.exe" "-marionette" "-foreground" "-no-remote" "-profile" "C:\\Users\\JOO~1\\AppData\\Local\\Temp\\rust_mozprofileGExzTc"
JavaScript error: resource://gre/modules/XULStore.jsm, line 66: Error: Can't find profile directory.
1592854723606	Marionette	INFO	Listening on port 62486
1592854724069	Marionette	WARN	TLS certificate errors will be ignored for this session
JavaScript error: resource://gre/modules/NetworkGeolocationProvider.jsm, line 555: TypeError: xhr.response.location is undefined
JavaScript warning: https://static.xx.fbcdn.net/rsrc.php/v3/y5/r/G0MKLmeCe1o.js?_nc_x=_bywnHVqYsG, line 51: unreachable code after return statement
JavaScript warning: https://static.xx.fbcdn.net/rsrc.php/v3/y5/r/G0MKLmeCe1o.js?_nc_x=_bywnHVqYsG, line 51: unreachable code after return statement
JavaScript warning: https://static.xx.fbcdn.net/rsrc.php/v3/y5/r/G0MKLmeCe1o.js?_nc_x=_bywnHVqYsG, line 51: unreachable code after return statement
1592854746609	Marionette	WARN	TimedPromise timed out after 500 ms: stacktrace:
TimedPromise/<@chrome://marionette/content/sync.js:245:13
TimedPromise@chrome://marionette/content/sync.js:230:10
interaction.flushEventLoop@chrome://marionette/content/interaction.js:416:10
webdriverClickElement@chrome://marionette/content/interaction.js:182:31
1592854757502	Marionette	INFO	Stopped listening on port 62486

###!!! [Child][RunMessage] Error: Channel closing: too late to send/recv, messages will be lost


###!!! [Child][MessageChannel::SendAndWait] Error: Channel error: cannot send/recv

1592857078660	mozrunner::runner	INFO	Running command: "C:\\Program Files\\Mozilla Firefox\\firefox.exe" "-marionette" "-foreground" "-no-remote" "-profile" "C:\\Users\\JOO~1\\AppData\\Local\\Temp\\rust_mozprofilet7j75T"
JavaScript error: resource://gre/modules/XULStore.jsm, line 66: Error: Can't find profile directory.
1592857081934	Marionette	INFO	Listening on port 62894
1592857082284	Marionette	WARN	TLS certificate errors will be ignored for this session
JavaScript warning: https://static.xx.fbcdn.net/rsrc.php/v3/y5/r/G0MKLmeCe1o.js?_nc_x=_bywnHVqYsG, line 51: unreachable code after return statement
JavaScript warning: https://static.xx.fbcdn.net/rsrc.php/v3/y5/r/G0MKLmeCe1o.js?_nc_x=_bywnHVqYsG, line 51: unreachable code after return statement
JavaScript warning: https://static.xx.fbcdn.net/rsrc.php/v3/y5/r/G0MKLmeCe1o.js?_nc_x=_bywnHVqYsG, line 51: unreachable code after return statement
1592857121032	Marionette	INFO	Stopped listening on port 62894

###!!! [Child][RunMessage] Error: Channel closing: too late to send/recv, messages will be lost


###!!! [Child][MessageChannel::SendAndWait] Error: Channel error: cannot send/recv

1592857496972	mozrunner::runner	INFO	Running command: "C:\\Program Files\\Mozilla Firefox\\firefox.exe" "-marionette" "-foreground" "-no-remote" "-profile" "C:\\Users\\JOO~1\\AppData\\Local\\Temp\\rust_mozprofileFtEFkZ"
JavaScript error: resource://gre/modules/XULStore.jsm, line 66: Error: Can't find profile directory.
1592857500184	Marionette	INFO	Listening on port 63024
1592857500597	Marionette	WARN	TLS certificate errors will be ignored for this session
JavaScript warning: https://static.xx.fbcdn.net/rsrc.php/v3/y5/r/G0MKLmeCe1o.js?_nc_x=_bywnHVqYsG, line 51: unreachable code after return statement
JavaScript warning: https://static.xx.fbcdn.net/rsrc.php/v3/y5/r/G0MKLmeCe1o.js?_nc_x=_bywnHVqYsG, line 51: unreachable code after return statement
JavaScript warning: https://static.xx.fbcdn.net/rsrc.php/v3/y5/r/G0MKLmeCe1o.js?_nc_x=_bywnHVqYsG, line 51: unreachable code after return statement
1592857559439	Marionette	INFO	Stopped listening on port 63024
IPDL protocol error: Handler returned error code!

###!!! [Parent][DispatchAsyncMessage] Error: PImageBridge::Msg_Update Processing error: message was deserialized, but the handler returned false (indicating failure)

IPDL protocol error: Handler returned error code!

###!!! [Parent][DispatchAsyncMessage] Error: PImageBridge::Msg_Update Processing error: message was deserialized, but the handler returned false (indicating failure)

IPDL protocol error: Handler returned error code!

###!!! [Parent][DispatchAsyncMessage] Error: PImageBridge::Msg_Update Processing error: message was deserialized, but the handler returned false (indicating failure)

IPDL protocol error: Handler returned error code!

###!!! [Parent][DispatchAsyncMessage] Error: PImageBridge::Msg_Update Processing error: message was deserialized, but the handler returned false (indicating failure)

IPDL protocol error: Handler returned error code!

###!!! [Parent][DispatchAsyncMessage] Error: PImageBridge::Msg_Update Processing error: message was deserialized, but the handler returned false (indicating failure)

IPDL protocol error: Handler returned error code!

###!!! [Parent][DispatchAsyncMessage] Error: PImageBridge::Msg_Update Processing error: message was deserialized, but the handler returned false (indicating failure)

[Child 5528, MediaDecoderStateMachine #1] WARNING: Decoder=1b643a88000 Decode error: NS_ERROR_DOM_MEDIA_FATAL_ERR (0x806e0005) - RefPtr<MediaSourceTrackDemuxer::SamplesPromise> __cdecl mozilla::MediaSourceTrackDemuxer::DoGetSamples(int32_t): manager is detached.: file /builds/worker/checkouts/gecko/dom/media/MediaDecoderStateMachine.cpp, line 3370
[Child 5528, MediaDecoderStateMachine #1] WARNING: Decoder=1b643a88000 Decode error: NS_ERROR_DOM_MEDIA_FATAL_ERR (0x806e0005) - RefPtr<MediaSourceTrackDemuxer::SamplesPromise> __cdecl mozilla::MediaSourceTrackDemuxer::DoGetSamples(int32_t): manager is detached.: file /builds/worker/checkouts/gecko/dom/media/MediaDecoderStateMachine.cpp, line 3370
[CIPDL protocol error: Handler returned error code!
h
###!!! [Parent][DispatchAsyncMessage] Error: PImageBridge::Msg_Update Processing error: message was deserialized, but the handler returned false (indicating failure)

ild 5528, MediaDecoderStateMachine #1] WARNING: Decoder=1b643a88000 Decode error: NS_ERROR_DOM_MEDIA_FATAL_ERR (0x806e0005) - RefPtr<MediaSourceTrackDemuxer::SamplesPromise> __cdecl mozilla::MediaSourceTrackDemuxer::DoGetSamples(int32_t): manager is detached.: file /builds/worker/checkouts/gecko/dom/media/MediaDecoderStateMachine.cpp, line 3370
[Child 5528, MediaDecoderStateMachine #1] WARNING: Decoder=1b643a88000 Decode error: NS_ERROR_DOM_MEDIA_FATAL_ERR (0x806e0005) - RefPtr<MediaSourceTrackDemuxer::SamplesPromise> __cdecl mozilla::MediaSourceTrackDemuxer::DoGetSamples(int32_t): manager is detached.: file /builds/worker/checkouts/gecko/dom/media/MediaDecoderStateMachine.cpp, line 3370
[Child 5IPDL protocol error: Handler returned error code!
528, MediaDecoderStateMachine #1] WA
###!!! [Parent][DispatchAsyncMessage] Error: PImageBridge::Msg_Update Processing error: message was deserialized, but the handler returned false (indicating failure)

RNING: Decoder=1b643a88000 Decode error: NS_ERROR_DOM_MEDIA_FATAL_ERR (0x806e0005) - RefPtr<MediaSourceTrackDemuxer::SamplesPromise> __cdecl mozilla::MediaSourceTrackDemuxer::DoGetSamples(int32_t): manager is detached.: file /builds/worker/checkouts/gecko/dom/media/MediaDecoderStateMachine.cpp, line 3370
IPDL protocol error: Handler returned error code!

###!!! [Parent][DispatchAsyncMessage] Error: PLayerTransaction::Msg_ReleaseLayer Processing error: message was deserialized, but the handler returned false (indicating failure)


###!!! [Child][RunMessage] Error: Channel closing: too late to send/recv, messages will be lost


###!!! [Child][MessageChannel] Error: (msgtype=0x380131,name=PContent::Msg_ScriptError) Channel closing: too late to send/recv, messages will be lost


###!!! [Child][MessageChannel] Error: (msgtype=0xB40006,name=PWebSocket::Msg_DeleteSelf) Channel closing: too late to send/recv, messages will be lost


###!!! [Child][RunMessage] Error: Channel closing: too late to send/recv, messages will be lost


###!!! [Child][RunMessage] Error: Channel closing: too late to send/recv, messages will be lost


###!!! [Child][MessageChannel::SendAndWait] Error: Channel error: cannot send/recv

1592857691927	mozrunner::runner	INFO	Running command: "C:\\Program Files\\Mozilla Firefox\\firefox.exe" "-marionette" "-foreground" "-no-remote" "-profile" "C:\\Users\\JOO~1\\AppData\\Local\\Temp\\rust_mozprofilez82OlU"
JavaScript error: resource://gre/modules/XULStore.jsm, line 66: Error: Can't find profile directory.
1592857695389	Marionette	INFO	Listening on port 63123
1592857695549	Marionette	WARN	TLS certificate errors will be ignored for this session
JavaScript warning: https://static.xx.fbcdn.net/rsrc.php/v3/y5/r/G0MKLmeCe1o.js?_nc_x=_bywnHVqYsG, line 51: unreachable code after return statement
JavaScript warning: https://static.xx.fbcdn.net/rsrc.php/v3/y5/r/G0MKLmeCe1o.js?_nc_x=_bywnHVqYsG, line 51: unreachable code after return statement
JavaScript warning: https://static.xx.fbcdn.net/rsrc.php/v3/y5/r/G0MKLmeCe1o.js?_nc_x=_bywnHVqYsG, line 51: unreachable code after return statement
console.error: "Store does not have a valid reducer. Make sure the argument passed to combineReducers is an object whose values are reducers."
1592857802104	Marionette	INFO	Stopped listening on port 63123
console.error: "Panel inspector:" (new TypeError("event is undefined", "resource://devtools/client/shared/telemetry.js", 697))
IPDL protocol error: Handler returned error code!

###!!! [Parent][DispatchAsyncMessage] Error: PImageBridge::Msg_Update Processing error: message was deserialized, but the handler returned false (indicating failure)

IPDL protocol error: Handler returned error code!

###!!! [Parent][DispatchAsyncMessage] Error: PImageBridge::Msg_Update Processing error: message was deserialized, but the handler returned false (indicating failure)

IPDL protocol error: Handler returned error code!

###!!! [Parent][DispatchAsyncMessage] Error: PImageBridge::Msg_Update Processing error: message was deserialized, but the handler returned false (indicating failure)

[Child 13288, MediaDecoderStateMachine #1] WARNING: Decoder=190eaee1400 Decode error: NS_ERROR_DOM_MEDIA_FATAL_ERR (0x806e0005) - RefPtr<MediaSourceTrackDemuxer::SamplesPromise> __cdecl mozilla::MediaSourceTrackDemuxer::DoGetSamples(int32_t): manager is detached.: file /builds/worker/checkouts/gecko/dom/media/MediaDecoderStateMachine.cpp, line 3370
[Child 13288, MediaDecoderStateMachine #1] WARNING: Decoder=190eaee1400 Decode error: NS_ERROR_DOM_MEDIA_FATAL_ERR (0x806e0005) - RefPtr<MediaSourceTrackDemuxer::SamplesPromise> __cdecl mozilla::MediaSourceTrackDemuxer::DoGetSamples(int32_t): manager is detached.: file /builds/worker/checkouts/gecko/dom/media/MediaDecoderStateMachine.cpp, line 3370

###!!! [Child][RunMessage] Error: Channel closing: too late to send/recv, messages will be lost


###!!! [Child][MessageChannel] Error: (msgtype=0x380131,name=PContent::Msg_ScriptError) Channel closing: too late to send/recv, messages will be lost


###!!! [Child][MessageChannel] Error: (msgtype=0xB40006,name=PWebSocket::Msg_DeleteSelf) Channel closing: too late to send/recv, messages will be lost


###!!! [Child][RunMessage] Error: Channel closing: too late to send/recv, messages will be lost


###!!! [Child][RunMessage] Error: Channel closing: too late to send/recv, messages will be lost


###!!! [Child][MessageChannel::SendAndWait] Error: Channel error: cannot send/recv

1592857862460	mozrunner::runner	INFO	Running command: "C:\\Program Files\\Mozilla Firefox\\firefox.exe" "-marionette" "-foreground" "-no-remote" "-profile" "C:\\Users\\JOO~1\\AppData\\Local\\Temp\\rust_mozprofilexN1sAY"
JavaScript error: resource://gre/modules/XULStore.jsm, line 66: Error: Can't find profile directory.
1592857865642	Marionette	INFO	Listening on port 63217
1592857866086	Marionette	WARN	TLS certificate errors will be ignored for this session
JavaScript error: https://static.xx.fbcdn.net/rsrc.php/v3/yi/r/obcvI4HytUC.js?_nc_x=_bywnHVqYsG, line 154: Error: Destroyed!
JavaScript warning: https://static.xx.fbcdn.net/rsrc.php/v3/y5/r/G0MKLmeCe1o.js?_nc_x=_bywnHVqYsG, line 51: unreachable code after return statement
JavaScript warning: https://static.xx.fbcdn.net/rsrc.php/v3/y5/r/G0MKLmeCe1o.js?_nc_x=_bywnHVqYsG, line 51: unreachable code after return statement
JavaScript warning: https://static.xx.fbcdn.net/rsrc.php/v3/y5/r/G0MKLmeCe1o.js?_nc_x=_bywnHVqYsG, line 51: unreachable code after return statement
console.error: "Store does not have a valid reducer. Make sure the argument passed to combineReducers is an object whose values are reducers."
console.error: "Panel inspector:" (new TypeError("event is undefined", "resource://devtools/client/shared/telemetry.js", 697))
1592858969545	Marionette	INFO	Stopped listening on port 63217

###!!! [Child][RunMessage] Error: Channel closing: too late to send/recv, messages will be lost


###!!! [Child][MessageChannel::SendAndWait] Error: Channel error: cannot send/recv

2858709793	Marionette	WARN	TLS certificate errors will be ignored for this session
JavaScript error: https://static.xx.fbcdn.net/rsrc.php/v3/yi/r/obcvI4HytUC.js?_nc_x=_bywnHVqYsG, line 154: Error: Destroyed!
JavaScript error: https://static.xx.fbcdn.net/rsrc.php/v3/yi/r/obcvI4HytUC.js?_nc_x=_bywnHVqYsG, line 154: Error: Destroyed!
JavaScript error: https://static.xx.fbcdn.net/rsrc.php/v3/yi/r/obcvI4HytUC.js?_nc_x=_bywnHVqYsG, line 154: Error: Destroyed!
JavaScript error: https://static.xx.fbcdn.net/rsrc.php/v3/yi/r/obcvI4HytUC.js?_nc_x=_bywnHVqYsG, line 154: Error: Destroyed!
JavaScript error: https://static.xx.fbcdn.net/rsrc.php/v3/yi/r/obcvI4HytUC.js?_nc_x=_bywnHVqYsG, line 154: Error: Destroyed!
JavaScript warning: https://static.xx.fbcdn.net/rsrc.php/v3/y5/r/G0MKLmeCe1o.js?_nc_x=_bywnHVqYsG, line 51: unreachable code after return statement
JavaScript warning: https://static.xx.fbcdn.net/rsrc.php/v3/y5/r/G0MKLmeCe1o.js?_nc_x=_bywnHVqYsG, line 51: unreachable code after return statement
JavaScript warning: https://static.xx.fbcdn.net/rsrc.php/v3/y5/r/G0MKLmeCe1o.js?_nc_x=_bywnHVqYsG, line 51: unreachable code after return statement
console.error: "Store does not have a valid reducer. Make sure the argument passed to combineReducers is an object whose values are reducers."
console.error: "Panel inspector:" (new TypeError("event is undefined", "resource://devtools/client/shared/telemetry.js", 697))
1592858820816	Marionette	INFO	Stopped listening on port 63378

###!!! [Child][RunMessage] Error: Channel closing: too late to send/recv, messages will be lost


###!!! [Child][MessageChannel::SendAndWait] Error: Channel error: cannot send/recv

1592858881639	mozrunner::runner	INFO	Running command: "C:\\Program Files\\Mozilla Firefox\\firefox.exe" "-marionette" "-foreground" "-no-remote" "-profile" "C:\\Users\\JOO~1\\AppData\\Local\\Temp\\rust_mozprofilezNoLGH"
JavaScript error: resource://gre/modules/XULStore.jsm, line 66: Error: Can't find profile directory.
1592858884754	Marionette	INFO	Listening on port 63479
1592858884773	Marionette	WARN	TLS certificate errors will be ignored for this session
JavaScript error: https://static.xx.fbcdn.net/rsrc.php/v3/yi/r/obcvI4HytUC.js?_nc_x=_bywnHVqYsG, line 154: Error: Destroyed!
JavaScript warning: https://static.xx.fbcdn.net/rsrc.php/v3/y5/r/G0MKLmeCe1o.js?_nc_x=_bywnHVqYsG, line 51: unreachable code after return statement
JavaScript warning: https://static.xx.fbcdn.net/rsrc.php/v3/y5/r/G0MKLmeCe1o.js?_nc_x=_bywnHVqYsG, line 51: unreachable code after return statement
JavaScript warning: https://static.xx.fbcdn.net/rsrc.php/v3/y5/r/G0MKLmeCe1o.js?_nc_x=_bywnHVqYsG, line 51: unreachable code after return statement
1592858968682	Marionette	INFO	Stopped listening on port 63479

###!!! [Child][RunMessage] Error: Channel closing: too late to send/recv, messages will be lost

[Parent 11276, Gecko_IOThread] WARNING: pipe error: 232: file /builds/worker/checkouts/gecko/ipc/chromium/src/chrome/common/ipc_channel_win.cc, line 522
1592859058257	mozrunner::runner	INFO	Running command: "C:\\Program Files\\Mozilla Firefox\\firefox.exe" "-marionette" "-foreground" "-no-remote" "-profile" "C:\\Users\\JOO~1\\AppData\\Local\\Temp\\rust_mozprofileUrvSX4"
JavaScript error: resource://gre/modules/XULStore.jsm, line 66: Error: Can't find profile directory.
1592859061395	Marionette	INFO	Listening on port 63624
1592859061883	Marionette	WARN	TLS certificate errors will be ignored for this session
JavaScript warning: https://static.xx.fbcdn.net/rsrc.php/v3/y5/r/G0MKLmeCe1o.js?_nc_x=_bywnHVqYsG, line 51: unreachable code after return statement
JavaScript warning: https://static.xx.fbcdn.net/rsrc.php/v3/y5/r/G0MKLmeCe1o.js?_nc_x=_bywnHVqYsG, line 51: unreachable code after return statement
JavaScript warning: https://static.xx.fbcdn.net/rsrc.php/v3/y5/r/G0MKLmeCe1o.js?_nc_x=_bywnHVqYsG, line 51: unreachable code after return statement
console.error: "Store does not have a valid reducer. Make sure the argument passed to combineReducers is an object whose values are reducers."
1592859162617	Marionette	INFO	Stopped listening on port 63624

###!!! [Child][MessageChannel::SendAndWait] Error: Channel error: cannot send/recv

1592859169825	mozrunner::runner	INFO	Running command: "C:\\Program Files\\Mozilla Firefox\\firefox.exe" "-marionette" "-foreground" "-no-remote" "-profile" "C:\\Users\\JOO~1\\AppData\\Local\\Temp\\rust_mozprofileeZP99l"
JavaScript error: resource://gre/modules/XULStore.jsm, line 66: Error: Can't find profile directory.
1592859172909	Marionette	INFO	Listening on port 63723
1592859172950	Marionette	WARN	TLS certificate errors will be ignored for this session
JavaScript warning: https://static.xx.fbcdn.net/rsrc.php/v3/y5/r/G0MKLmeCe1o.js?_nc_x=_bywnHVqYsG, line 51: unreachable code after return statement
JavaScript warning: https://static.xx.fbcdn.net/rsrc.php/v3/y5/r/G0MKLmeCe1o.js?_nc_x=_bywnHVqYsG, line 51: unreachable code after return statement
JavaScript warning: https://static.xx.fbcdn.net/rsrc.php/v3/y5/r/G0MKLmeCe1o.js?_nc_x=_bywnHVqYsG, line 51: unreachable code after return statement
1592859277814	Marionette	INFO	Stopped listening on port 63723

###!!! [Child][RunMessage] Error: Channel closing: too late to send/recv, messages will be lost


###!!! [Child][MessageChannel::SendAndWait] Error: Channel error: cannot send/recv

1592870366139	mozrunner::runner	INFO	Running command: "C:\\Program Files\\Mozilla Firefox\\firefox.exe" "-marionette" "-foreground" "-no-remote" "-profile" "C:\\Users\\JOO~1\\AppData\\Local\\Temp\\rust_mozprofileAXW1ol"
JavaScript error: resource://gre/modules/XULStore.jsm, line 66: Error: Can't find profile directory.
1592870369372	Marionette	INFO	Listening on port 65351
1592870369800	Marionette	WARN	TLS certificate errors will be ignored for this session
JavaScript warning: https://static.xx.fbcdn.net/rsrc.php/v3/y5/r/G0MKLmeCe1o.js?_nc_x=_bywnHVqYsG, line 51: unreachable code after return statement
JavaScript warning: https://static.xx.fbcdn.net/rsrc.php/v3/y5/r/G0MKLmeCe1o.js?_nc_x=_bywnHVqYsG, line 51: unreachable code after return statement
JavaScript warning: https://static.xx.fbcdn.net/rsrc.php/v3/y5/r/G0MKLmeCe1o.js?_nc_x=_bywnHVqYsG, line 51: unreachable code after return statement

###!!! [Child][MessageChannel] Error: (msgtype=0x6A0029,name=PNecko::Msg_RemoveRequestContext) Channel closing: too late to send/recv, messages will be lost


###!!! [Child][RunMessage] Error: Channel closing: too late to send/recv, messages will be lost


###!!! [Child][MessageChannel] Error: (msgtype=0x380131,name=PContent::Msg_ScriptError) Channel closing: too late to send/recv, messages will be lost


###!!! [Child][MessageChannel] Error: (msgtype=0xB40006,name=PWebSocket::Msg_DeleteSelf) Channel closing: too late to send/recv, messages will be lost


###!!! [Child][RunMessage] Error: Channel closing: too late to send/recv, messages will be lost

1592870585150	Marionette	INFO	Stopped listening on port 65351

###!!! [Child][RunMessage] Error: Channel closing: too late to send/recv, messages will be lost

[Parent 12628, Gecko_IOThread] WARNING: pipe error: 232: file /builds/worker/checkouts/gecko/ipc/chromium/src/chrome/common/ipc_channel_win.cc, line 522
1592870599656	mozrunner::runner	INFO	Running command: "C:\\Program Files\\Mozilla Firefox\\firefox.exe" "-marionette" "-foreground" "-no-remote" "-profile" "C:\\Users\\JOO~1\\AppData\\Local\\Temp\\rust_mozprofileEEpgj6"
JavaScript error: resource://gre/modules/XULStore.jsm, line 66: Error: Can't find profile directory.
1592870602915	Marionette	INFO	Listening on port 65519
1592870603311	Marionette	WARN	TLS certificate errors will be ignored for this session
JavaScript warning: https://static.xx.fbcdn.net/rsrc.php/v3/y5/r/G0MKLmeCe1o.js?_nc_x=_bywnHVqYsG, line 51: unreachable code after return statement
JavaScript warning: https://static.xx.fbcdn.net/rsrc.php/v3/y5/r/G0MKLmeCe1o.js?_nc_x=_bywnHVqYsG, line 51: unreachable code after return statement
JavaScript warning: https://static.xx.fbcdn.net/rsrc.php/v3/y5/r/G0MKLmeCe1o.js?_nc_x=_bywnHVqYsG, line 51: unreachable code after return statement
JavaScript error: https://static.xx.fbcdn.net/rsrc.php/v3iL6L4/yJ/l/pt_BR/N3mi-lCIct5.js?_nc_x=_bywnHVqYsG, line 3: TypeError: Not in fullscreen mode
1592871627018	Marionette	INFO	Stopped listening on port 65519

###!!! [Child][RunMessage] Error: Channel closing: too late to send/recv, messages will be lost

tory.
1592870715193	Marionette	INFO	Listening on port 49232
1592870715224	Marionette	WARN	TLS certificate errors will be ignored for this session
[Parent 388, Gecko_IOThread] WARNING: file /builds/worker/checkouts/gecko/ipc/chromium/src/base/process_util_win.cc, line 166
JavaScript warning: https://static.xx.fbcdn.net/rsrc.php/v3/y5/r/G0MKLmeCe1o.js?_nc_x=_bywnHVqYsG, line 51: unreachable code after return statement
JavaScript warning: https://static.xx.fbcdn.net/rsrc.php/v3/y5/r/G0MKLmeCe1o.js?_nc_x=_bywnHVqYsG, line 51: unreachable code after return statement
JavaScript warning: https://static.xx.fbcdn.net/rsrc.php/v3/y5/r/G0MKLmeCe1o.js?_nc_x=_bywnHVqYsG, line 51: unreachable code after return statement
console.error: "Store does not have a valid reducer. Make sure the argument passed to combineReducers is an object whose values are reducers."
JavaScript warning: https://www.googletagservices.com/activeview/js/current/osd_listener.js?cache=r20110914, line 6: Script terminated by timeout at:
Mg@https://www.googletagservices.com/activeview/js/current/osd_listener.js?cache=r20110914:6:56880
kg@https://www.googletagservices.com/activeview/js/current/osd_listener.js?cache=r20110914:6:59549
lg.prototype.a@https://www.googletagservices.com/activeview/js/current/osd_listener.js?cache=r20110914:6:51412
Vf/<@https://www.googletagservices.com/activeview/js/current/osd_listener.js?cache=r20110914:6:46742
v@https://www.googletagservices.com/activeview/js/current/osd_listener.js?cache=r20110914:6:3050
Vf@https://www.googletagservices.com/activeview/js/current/osd_listener.js?cache=r20110914:6:46715
Kg/<@https://www.googletagservices.com/activeview/js/current/osd_listener.js?cache=r20110914:6:58886
v@https://www.googletagservices.com/activeview/js/current/osd_listener.js?cache=r20110914:6:3050
Kg@https://www.googletagservices.com/activeview/js/current/osd_listener.js?cache=r20110914:6:58793
Ig@https://www.googletagservices.com/activeview/js/current/osd_listener.js?cache=r20110914:6:55845
Fg.prototype.tb@https://www.googletagservices.com/activeview/js/current/osd_listener.js?cache=r20110914:6:55513
Re/a.a<@https://www.googletagservices.com/activeview/js/current/osd_listener.js?cache=r20110914:6:33889
Zd/</<@https://www.googletagservices.com/activeview/js/current/osd_listener.js?cache=r20110914:6:26085
Wd/<@https://www.googletagservices.com/activeview/js/current/osd_listener.js?cache=r20110914:6:25628
Ed/<@https://www.googletagservices.com/activeview/js/current/osd_listener.js?cache=r20110914:6:22975
Wd@https://www.googletagservices.com/activeview/js/current/osd_listener.js?cache=r20110914:6:25936
Zd/<@https://www.googletagservices.com/activeview/js/current/osd_listener.js?cache=r20110914:6:26058
Ed/<@https://www.googletagservices.com/activeview/js/current/osd_listener.js?cache=r20110914:6:22975
Ed/<@https://www.googletagservices.com/activeview/js/current/osd_listener.js?cache=r20110914:6:23020

IPDL protocol error: Handler returned error code!

###!!! [Parent][DispatchAsyncMessage] Error: PImageBridge::Msg_Update Processing error: message was deserialized, but the handler returned false (indicating failure)

IPDL protocol error: Handler returned error code!

###!!! [Parent][DispatchAsyncMessage] Error: PLayerTransaction::Msg_ReleaseLayer Processing error: message was deserialized, but the handler returned false (indicating failure)

IPDL protocol error: Handler returned error code!

###!!! [Parent][DispatchAsyncMessage] Error: PLayerTransaction::Msg_ReleaseLayer Processing error: message was deserialized, but the handler returned false (indicating failure)

IPDL protocol error: Handler returned error code!

###!!! [Parent][DispatchAsyncMessage] Error: PLayerTransaction::Msg_ReleaseLayer Processing error: message was deserialized, but the handler returned false (indicating failure)

1592873901086	Marionette	INFO	Stopped listening on port 49232

###!!! [Child][RunMessage] Error: Channel closing: too late to send/recv, messages will be lost


###!!! [Child][MessageChannel::SendAndWait] Error: Channel error: cannot send/recv

1592876549168	mozrunner::runner	INFO	Running command: "C:\\Program Files\\Mozilla Firefox\\firefox.exe" "-marionette" "-foreground" "-no-remote" "-profile" "C:\\Users\\JOO~1\\AppData\\Local\\Temp\\rust_mozprofileXTBuom"
JavaScript error: resource://gre/modules/XULStore.jsm, line 66: Error: Can't find profile directory.
1592876552903	Marionette	INFO	Listening on port 50295
1592876553383	Marionette	WARN	TLS certificate errors will be ignored for this session
1592876647160	Marionette	INFO	Stopped listening on port 50295

###!!! [Child][MessageChannel::SendAndWait] Error: Channel error: cannot send/recv

ile" "C:\\Users\\JOO~1\\AppData\\Local\\Temp\\rust_mozprofile1u2lbf"
JavaScript error: resource://gre/modules/XULStore.jsm, line 66: Error: Can't find profile directory.
1592876647671	Marionette	INFO	Listening on port 50345
1592876647935	Marionette	WARN	TLS certificate errors will be ignored for this session
1592876649769	Marionette	INFO	Stopped listening on port 50345

###!!! [Child][RunMessage] Error: Channel closing: too late to send/recv, messages will be lost

[Parent 8116, Gecko_IOThread] WARNING: pipe error: 232: file /builds/worker/checkouts/gecko/ipc/chromium/src/chrome/common/ipc_channel_win.cc, line 522
1592876746277	mozrunner::runner	INFO	Running command: "C:\\Program Files\\Mozilla Firefox\\firefox.exe" "-marionette" "-foreground" "-no-remote" "-profile" "C:\\Users\\JOO~1\\AppData\\Local\\Temp\\rust_mozprofileUduiui"
JavaScript error: resource://gre/modules/XULStore.jsm, line 66: Error: Can't find profile directory.
1592876749848	Marionette	INFO	Listening on port 50490
1592876749977	Marionette	WARN	TLS certificate errors will be ignored for this session
console.warn: LoginRecipes: "getRecipes: falling back to a synchronous message for:" "https://www.facebook.com"

###!!! [Child][RunMessage] Error: Channel closing: too late to send/recv, messages will be lost


###!!! [Child][RunMessage] Error: Channel closing: too late to send/recv, messages will be lost

1592877128737	MariJavaScript error: resource://gre/modules/XULS
###!!! [Child][RunMessage] Error: Channel closing: too 1592877130439	Marionette	INFO	Listening on port 50598
1592877130842	Marionette	WARN	TLS certificate errors will be ignored for this session
1592877513860	Marionette	INFO	Stopped listening on port 50598

###!!! [Child][RunMessage] Error: Channel closing: too late to send/recv, messages will be lost


###!!! [Child][MessageChannel::SendAndWait] Error: Channel error: cannot send/recv

1592877532462	mozrunner::runner	INFO	Running command: "C:\\Program Files\\Mozilla Firefox\\firefox.exe" "-marionette" "-foreground" "-no-remote" "-profile" "C:\\Users\\JOO~1\\AppData\\Local\\Temp\\rust_mozprofileZlapsj"
JavaScript error: resource://gre/modules/XULStore.jsm, line 66: Error: Can't find profile directory.
1592877536160	Marionette	INFO	Listening on port 50757
1592877536657	Marionette	WARN	TLS certificate errors will be ignored for this session
JavaScript warning: https://static.xx.fbcdn.net/rsrc.php/v3/y5/r/G0MKLmeCe1o.js?_nc_x=_bywnHVqYsG, line 51: unreachable code after return statement
JavaScript warning: https://static.xx.fbcdn.net/rsrc.php/v3/y5/r/G0MKLmeCe1o.js?_nc_x=_bywnHVqYsG, line 51: unreachable code after return statement
JavaScript warning: https://static.xx.fbcdn.net/rsrc.php/v3/y5/r/G0MKLmeCe1o.js?_nc_x=_bywnHVqYsG, line 51: unreachable code after return statement
JavaScript warning: https://static.xx.fbcdn.net/rsrc.php/v3/y5/r/G0MKLmeCe1o.js?_nc_x=_bywnHVqYsG, line 51: unreachable code after return statement
JavaScript warning: https://static.xx.fbcdn.net/rsrc.php/v3/y5/r/G0MKLmeCe1o.js?_nc_x=_bywnHVqYsG, line 51: unreachable code after return statement
JavaScript warning: https://static.xx.fbcdn.net/rsrc.php/v3/y5/r/G0MKLmeCe1o.js?_nc_x=_bywnHVqYsG, line 51: unreachable code after return statement
1592877782876	Marionette	INFO	Stopped listening on port 50757

###!!! [Child][RunMessage] Error: Channel closing: too late to send/recv, messages will be lost


###!!! [Child][MessageChannel::SendAndWait] Error: Channel error: cannot send/recv

1592877802784	mozrunner::runner	INFO	Running command: "C:\\Program Files\\Mozilla Firefox\\firefox.exe" "-marionette" "-foreground" "-no-remote" "-profile" "C:\\Users\\JOO~1\\AppData\\Local\\Temp\\rust_mozprofileaLsi6T"
JavaScript error: resource://gre/modules/XULStore.jsm, line 66: Error: Can't find profile directory.
1592877805972	Marionette	INFO	Listening on port 50879
1592877805998	Marionette	WARN	TLS certificate errors will be ignored for this session
JavaScript warning: https://static.xx.fbcdn.net/rsrc.php/v3/y5/r/G0MKLmeCe1o.js?_nc_x=_bywnHVqYsG, line 51: unreachable code after return statement
JavaScript warning: https://static.xx.fbcdn.net/rsrc.php/v3/y5/r/G0MKLmeCe1o.js?_nc_x=_bywnHVqYsG, line 51: unreachable code after return statement
JavaScript warning: https://static.xx.fbcdn.net/rsrc.php/v3/y5/r/G0MKLmeCe1o.js?_nc_x=_bywnHVqYsG, line 51: unreachable code after return statement
JavaScript warning: https://static.xx.fbcdn.net/rsrc.php/v3/y5/r/G0MKLmeCe1o.js?_nc_x=_bywnHVqYsG, line 51: unreachable code after return statement
JavaScript warning: https://static.xx.fbcdn.net/rsrc.php/v3/y5/r/G0MKLmeCe1o.js?_nc_x=_bywnHVqYsG, line 51: unreachable code after return statement
JavaScript warning: https://static.xx.fbcdn.net/rsrc.php/v3/y5/r/G0MKLmeCe1o.js?_nc_x=_bywnHVqYsG, line 51: unreachable code after return statement
1592877932389	Marionette	INFO	Stopped listening on port 50879

###!!! [Child][RunMessage] Error: Channel closing: too late to send/recv, messages will be lost


###!!! [Child][MessageChannel::SendAndWait] Error: Channel error: cannot send/recv

1592877994321	mozrunner::runner	INFO	Running command: "C:\\Program Files\\Mozilla Firefox\\firefox.exe" "-marionette" "-foreground" "-no-remote" "-profile" "C:\\Users\\JOO~1\\AppData\\Local\\Temp\\rust_mozprofileqG0xgG"
JavaScript error: resource://gre/modules/XULStore.jsm, line 66: Error: Can't find profile directory.
1592877997543	Marionette	INFO	Listening on port 50968
1592877997985	Marionette	WARN	TLS certificate errors will be ignored for this session
JavaScript warning: https://static.xx.fbcdn.net/rsrc.php/v3/y5/r/G0MKLmeCe1o.js?_nc_x=_bywnHVqYsG, line 51: unreachable code after return statement
JavaScript warning: https://static.xx.fbcdn.net/rsrc.php/v3/y5/r/G0MKLmeCe1o.js?_nc_x=_bywnHVqYsG, line 51: unreachable code after return statement
JavaScript warning: https://static.xx.fbcdn.net/rsrc.php/v3/y5/r/G0MKLmeCe1o.js?_nc_x=_bywnHVqYsG, line 51: unreachable code after return statement
JavaScript warning: https://static.xx.fbcdn.net/rsrc.php/v3/y5/r/G0MKLmeCe1o.js?_nc_x=_bywnHVqYsG, line 51: unreachable code after return statement
JavaScript warning: https://static.xx.fbcdn.net/rsrc.php/v3/y5/r/G0MKLmeCe1o.js?_nc_x=_bywnHVqYsG, line 51: unreachable code after return statement
JavaScript warning: https://static.xx.fbcdn.net/rsrc.php/v3/y5/r/G0MKLmeCe1o.js?_nc_x=_bywnHVqYsG, line 51: unreachable code after return statement

###!!! [Child][MessageChannel] Error: (msgtype=0xB40006,name=PWebSocket::Msg_DeleteSelf) Channel closing: too late to send/recv, messages will be lost

1592878131121	Marionette	INFO	Stopped listening on port 50968
JavaScript error: resource://gre/modules/XULStore.jsm, line 66: Error: Can't find profile directory.
1592878133441	Marionette	INFO	Listening on port 51058
1592878133835	Marionette	WARN	TLS certificate errors will be ignored for this session
JavaScript warning: https://static.xx.fbcdn.net/rsrc.php/v3/y5/r/G0MKLmeCe1o.js?_nc_x=_bywnHVqYsG, line 51: unreachable code after return statement
JavaScript warning: https://static.xx.fbcdn.net/rsrc.php/v3/y5/r/G0MKLmeCe1o.js?_nc_x=_bywnHVqYsG, line 51: unreachable code after return statement
JavaScript warning: https://static.xx.fbcdn.net/rsrc.php/v3/y5/r/G0MKLmeCe1o.js?_nc_x=_bywnHVqYsG, line 51: unreachable code after return statement
JavaScript warning: https://static.xx.fbcdn.net/rsrc.php/v3/y5/r/G0MKLmeCe1o.js?_nc_x=_bywnHVqYsG, line 51: unreachable code after return statement
JavaScript warning: https://static.xx.fbcdn.net/rsrc.php/v3/y5/r/G0MKLmeCe1o.js?_nc_x=_bywnHVqYsG, line 51: unreachable code after return statement
JavaScript warning: https://static.xx.fbcdn.net/rsrc.php/v3/y5/r/G0MKLmeCe1o.js?_nc_x=_bywnHVqYsG, line 51: unreachable code after return statement
1592879967941	Marionette	INFO	Stopped listening on port 51058

###!!! [Child][RunMessage] Error: Channel closing: too late to send/recv, messages will be lost


###!!! [Child][MessageChannel::SendAndWait] Error: Channel error: cannot send/recv

/modules/XULStore.jsm, line 66: Error: Can't find profile directory.
1592878306262	Marionette	INFO	Listening on port 51152
1592878306644	Marionette	WARN	TLS certificate errors will be ignored for this session
console.error: "Store does not have a valid reducer. Make sure the argument passed to combineReducers is an object whose values are reducers."
SourceActor threw an exception: [Exception... "Failed to open input source 'file:///'"  nsresult: "0x80004005 (NS_ERROR_FAILURE)"  location: "JS frame :: resource://devtools/shared/DevToolsUtils.js :: mainThreadFetch/< :: line 659"  data: yes]
Stack: mainThreadFetch/<@resource://devtools/shared/DevToolsUtils.js:659:15
mainThreadFetch@resource://devtools/shared/DevToolsUtils.js:509:10
_fetchURLContents@resource://devtools/server/actors/utils/TabSources.js:580:22
urlContents@resource://devtools/server/actors/utils/TabSources.js:547:17
_resurrectSource@resource://devtools/server/actors/thread.js:1955:69
addAllSources@resource://devtools/server/actors/thread.js:1339:14
onSources@resource://devtools/server/actors/thread.js:1345:10
onPacket@resource://devtools/server/devtools-server-connection.js:380:58
receiveMessage@resource://devtools/shared/transport/child-transport.js:66:16
Line: 659, column: 0
console.error: ({})
JavaScript error: resource://devtools/shared/DevToolsUtils.js, line 659: NS_ERROR_FAILURE: Failed to open input source 'file:///'
JavaScript warning: https://static.xx.fbcdn.net/rsrc.php/v3/yo/r/kC4N9fFPJUT.js?_nc_x=Ij3Wp8lg5Kz, line 319: Script terminated by timeout at:
I@https://static.xx.fbcdn.net/rsrc.php/v3/yo/r/kC4N9fFPJUT.js?_nc_x=Ij3Wp8lg5Kz:319:1065
applyWithGuard@https://static.xx.fbcdn.net/rsrc.php/v3/yo/r/kC4N9fFPJUT.js?_nc_x=Ij3Wp8lg5Kz:85:566
E@https://static.xx.fbcdn.net/rsrc.php/v3/yo/r/kC4N9fFPJUT.js?_nc_x=Ij3Wp8lg5Kz:319:657
d@https://static.xx.fbcdn.net/rsrc.php/v3/yo/r/kC4N9fFPJUT.js?_nc_x=Ij3Wp8lg5Kz:319:2316
applyWithGuard@https://static.xx.fbcdn.net/rsrc.php/v3/yo/r/kC4N9fFPJUT.js?_nc_x=Ij3Wp8lg5Kz:85:566
t</c.fire@https://static.xx.fbcdn.net/rsrc.php/v3/yo/r/kC4N9fFPJUT.js?_nc_x=Ij3Wp8lg5Kz:300:7468
s<@https://static.xx.fbcdn.net/rsrc.php/v3/yo/r/kC4N9fFPJUT.js?_nc_x=Ij3Wp8lg5Kz:300:6647
__wrapEventListenHandler/<@https://static.xx.fbcdn.net/rsrc.php/v3/yo/r/kC4N9fFPJUT.js?_nc_x=Ij3Wp8lg5Kz:274:831
applyWithGuard@https://static.xx.fbcdn.net/rsrc.php/v3/yo/r/kC4N9fFPJUT.js?_nc_x=Ij3Wp8lg5Kz:85:566
d@https://static.xx.fbcdn.net/rsrc.php/v3/yo/r/kC4N9fFPJUT.js?_nc_x=Ij3Wp8lg5Kz:319:2710
a/<@https://static.xx.fbcdn.net/rsrc.php/v3/yo/r/kC4N9fFPJUT.js?_nc_x=Ij3Wp8lg5Kz:286:197

console.error: "Store does not have a valid reducer. Make sure the argument passed to combineReducers is an object whose values are reducers."

###!!! [Child][MessageChannel] Error: (msgtype=0x59000D,name=PHttpChannel::Msg_DeletingChannel) Channel closing: too late to send/recv, messages will be lost


###!!! [Child][MessageChannel] Error: (msgtype=0x59000D,name=PHttpChannel::Msg_DeletingChannel) Channel closing: too late to send/recv, messages will be lost

1592878456491	Marionette	INFO	Stopped listening on port 51152

###!!! [Child][RunMessage] Error: Channel closing: too late to send/recv, messages will be lost


###!!! [Child][MessageChannel::SendAndWait] Error: Channel error: cannot send/recv

1592878500151	mozrunner::runner	INFO	Running command: "C:\\Program Files\\Mozilla Firefox\\firefox.exe" "-marionette" "-foreground" "-no-remote" "-profile" "C:\\Users\\JOO~1\\AppData\\Local\\Temp\\rust_mozprofileB4N1lb"
JavaScript error: resource://gre/modules/XULStore.jsm, line 66: Error: Can't find profile directory.
1592878503410	Marionette	INFO	Listening on port 51225
1592878503875	Marionette	WARN	TLS certificate errors will be ignored for this session
JavaScript warning: https://static.xx.fbcdn.net/rsrc.php/v3/y5/r/G0MKLmeCe1o.js?_nc_x=_bywnHVqYsG, line 51: unreachable code after return statement
JavaScript warning: https://static.xx.fbcdn.net/rsrc.php/v3/y5/r/G0MKLmeCe1o.js?_nc_x=_bywnHVqYsG, line 51: unreachable code after return statement
JavaScript warning: https://static.xx.fbcdn.net/rsrc.php/v3/y5/r/G0MKLmeCe1o.js?_nc_x=_bywnHVqYsG, line 51: unreachable code after return statement
JavaScript warning: https://static.xx.fbcdn.net/rsrc.php/v3/y5/r/G0MKLmeCe1o.js?_nc_x=_bywnHVqYsG, line 51: unreachable code after return statement
JavaScript warning: https://static.xx.fbcdn.net/rsrc.php/v3/y5/r/G0MKLmeCe1o.js?_nc_x=_bywnHVqYsG, line 51: unreachable code after return statement
JavaScript warning: https://static.xx.fbcdn.net/rsrc.php/v3/y5/r/G0MKLmeCe1o.js?_nc_x=_bywnHVqYsG, line 51: unreachable code after return statement
IPDL protocol error: Handler returned error code!

###!!! [Parent][DispatchAsyncMessage] Error: PLayerTransaction::Msg_ReleaseLayer Processing error: message was deserialized, but the handler returned false (indicating failure)

1592879106963	Marionette	INFO	Stopped listening on port 51225

###!!! [Child][RunMessage] Error: Channel closing: too late to send/recv, messages will be lost

ette	WARN	TLS certificate errors will be ignored for this session
JavaScript warning: https://static.xx.fbcdn.net/rsrc.php/v3/y5/r/G0MKLmeCe1o.js?_nc_x=_bywnHVqYsG, line 51: unreachable code after return statement
JavaScript warning: https://static.xx.fbcdn.net/rsrc.php/v3/y5/r/G0MKLmeCe1o.js?_nc_x=_bywnHVqYsG, line 51: unreachable code after return statement
JavaScript warning: https://static.xx.fbcdn.net/rsrc.php/v3/y5/r/G0MKLmeCe1o.js?_nc_x=_bywnHVqYsG, line 51: unreachable code after return statement
1592879310501	Marionette	INFO	Stopped listening on port 51465

###!!! [Child][RunMessage] Error: Channel closing: too late to send/recv, messages will be lost

[Parent 9260, Gecko_IOThread] WARNING: pipe error: 232: file /builds/worker/checkouts/gecko/ipc/chromium/src/chrome/common/ipc_channel_win.cc, line 522
ry.
1592879279590	Marionette	INFO	Listening on port 51594
1592879280029	Marionette	WARN	TLS certificate errors will be ignored for this session
JavaScript warning: https://static.xx.fbcdn.net/rsrc.php/v3/y5/r/G0MKLmeCe1o.js?_nc_x=_bywnHVqYsG, line 51: unreachable code after return statement
JavaScript warning: https://static.xx.fbcdn.net/rsrc.php/v3/y5/r/G0MKLmeCe1o.js?_nc_x=_bywnHVqYsG, line 51: unreachable code after return statement
JavaScript warning: https://static.xx.fbcdn.net/rsrc.php/v3/y5/r/G0MKLmeCe1o.js?_nc_x=_bywnHVqYsG, line 51: unreachable code after return statement
IPDL protocol error: Handler returned error code!

###!!! [Parent][DispatchAsyncMessage] Error: PLayerTransaction::Msg_ReleaseLayer Processing error: message was deserialized, but the handler returned false (indicating failure)

1592879309801	Marionette	INFO	Stopped listening on port 51594

###!!! [Child][MessageChannel::SendAndWait] Error: Channel error: cannot send/recv

1592879322344	mozrunner::runner	INFO	Running command: "C:\\Program Files\\Mozilla Firefox\\firefox.exe" "-marionette" "-foreground" "-no-remote" "-profile" "C:\\Users\\JOO~1\\AppData\\Local\\Temp\\rust_mozprofileU5dns3"
JavaScript error: resource://gre/modules/XULStore.jsm, line 66: Error: Can't find profile directory.
1592879326477	Marionette	INFO	Listening on port 51692
1592879326570	Marionette	WARN	TLS certificate errors will be ignored for this session
JavaScript warning: https://static.xx.fbcdn.net/rsrc.php/v3/y5/r/G0MKLmeCe1o.js?_nc_x=_bywnHVqYsG, line 51: unreachable code after return statement
JavaScript warning: https://static.xx.fbcdn.net/rsrc.php/v3/y5/r/G0MKLmeCe1o.js?_nc_x=_bywnHVqYsG, line 51: unreachable code after return statement
JavaScript warning: https://static.xx.fbcdn.net/rsrc.php/v3/y5/r/G0MKLmeCe1o.js?_nc_x=_bywnHVqYsG, line 51: unreachable code after return statement
JavaScript warning: https://static.xx.fbcdn.net/rsrc.php/v3/y5/r/G0MKLmeCe1o.js?_nc_x=_bywnHVqYsG, line 51: unreachable code after return statement
JavaScript warning: https://static.xx.fbcdn.net/rsrc.php/v3/y5/r/G0MKLmeCe1o.js?_nc_x=_bywnHVqYsG, line 51: unreachable code after return statement
JavaScript warning: https://static.xx.fbcdn.net/rsrc.php/v3/y5/r/G0MKLmeCe1o.js?_nc_x=_bywnHVqYsG, line 51: unreachable code after return statement
1592879355486	Marionette	WARN	TimedPromise timed out after 500 ms: stacktrace:
TimedPromise/<@chrome://marionette/content/sync.js:245:13
TimedPromise@chrome://marionette/content/sync.js:230:10
interaction.flushEventLoop@chrome://marionette/content/interaction.js:416:10
webdriverClickElement@chrome://marionette/content/interaction.js:182:31
1592879356260	Marionette	INFO	Stopped listening on port 51692
IPDL protocol error: Handler returned error code!

###!!! [Parent][DispatchAsyncMessage] Error: PImageBridge::Msg_Update Processing error: message was deserialized, but the handler returned false (indicating failure)

IPDL protocol error: Handler returned error code!

###!!! [Parent][DispatchAsyncMessage] Error: PImageBridge::Msg_Update Processing error: message was deserialized, but the handler returned false (indicating failure)

IPDL protocol error: Handler returned error code!

###!!! [Parent][DispatchAsyncMessage] Error: PImageBridge::Msg_Update Processing error: message was deserialized, but the handler returned false (indicating failure)

IPDL protocol error: Handler returned error code!

###!!! [Parent][DispatchAsyncMessage] Error: PImageBridge::Msg_Update Processing error: message was deserialized, but the handler returned false (indicating failure)

[Child 4072, MediaDecoderStateMachine #1] WARNING: Decoder=219f71c7800 Decode error: NS_ERROR_DOM_MEDIA_FATAL_ERR (0x806e0005) - RefPtr<MediaSourceTrackDemuxer::SamplesPromise> __cdecl mozilla::MediaSourceTrackDemuxer::DoGetSamples(int32_t): manager is detached.: file /builds/worker/checkouts/gecko/dom/media/MediaDecoderStateMachine.cpp, line 3370
IPDL protocol error: Handler returned error code!

###!!! [Parent][DispatchAsyncMessage] Error: PImageBridge::Msg_Update Processing error: message was deserialized, but the handler returned false (indicating failure)

[Child 4072, MediaDecoderStateMachine #1] WARNING: Decoder=219f71c7800 Decode error: NS_ERROR_DOM_MEDIA_FATAL_ERR (0x806e0005) - RefPtr<MediaSourceTrackDemuxer::SamplesPromise> __cdecl mozilla::MediaSourceTrackDemuxer::DoGetSamples(int32_t): manager is detached.: file /builds/worker/checkouts/gecko/dom/media/MediaDecoderStateMachine.cpp, line 3370
IPDL protocol error: Handler returned error code!

###!!! [Parent][DispatchAsyncMessage] Error: PImageBridge::Msg_Update Processing error: message was deserialized, but the handler returned false (indicating failure)

[Child 4072, MediaDecoderStateMachine #1] WARNING: Decoder=219f71c7800 Decode error: NS_ERROR_DOM_MEDIA_FATAL_ERR (0x806e0005) - RefPtr<MediaSourceTrackDemuxer::SamplesPromise> __cdecl mozilla::MediaSourceTrackDemuxer::DoGetSamples(int32_t): manager is detached.: file /builds/worker/checkouts/gecko/dom/media/MediaDecoderStateMachine.cpp, line 3370

###!!! [Child][MessageChannel] Error: (msgtype=0x6A0029,name=PNecko::Msg_RemoveRequestContext) Channel closing: too late to send/recv, messages will be lost


###!!! [Child][MessageChannel] Error: (msgtype=0x6A0029,name=PNecko::Msg_RemoveRequestContext) Channel closing: too late to send/recv, messages will be lost


###!!! [Child][MessageChannel] Error: (msgtype=0x59000D,name=PHttpChannel::Msg_DeletingChannel) Channel closing: too late to send/recv, messages will be lost


###!!! [Child][MessageChannel] Error: (msgtype=0x6A0029,name=PNecko::Msg_RemoveRequestContext) Channel closing: too late to send/recv, messages will be lost


###!!! [Child][MessageChannel] Error: (msgtype=0x59000D,name=PHttpChannel::Msg_DeletingChannel) Channel closing: too late to send/recv, messages will be lost


###!!! [Child][MessageChannel] Error: (msgtype=0x59000D,name=PHttpChannel::Msg_DeletingChannel) Channel closing: too late to send/recv, messages will be lost


###!!! [Child][MessageChannel] Error: (msgtype=0x59000D,name=PHttpChannel::Msg_DeletingChannel) Channel closing: too late to send/recv, messages will be lost


###!!! [Child][MessageChannel] Error: (msgtype=0x59000D,name=PHttpChannel::Msg_DeletingChannel) Channel closing: too late to send/recv, messages will be lost


###!!! [Child][MessageChannel] Error: (msgtype=0x59000D,name=PHttpChannel::Msg_DeletingChannel) Channel closing: too late to send/recv, messages will be lost


###!!! [Child][RunMessage] Error: Channel closing: too late to send/recv, messages will be lost


###!!! [Child][MessageChannel::SendAndWait] Error: Channel error: cannot send/recv

